[INFO] [2020-10-04 17:45:27,785 +0300[ - UnifiedAgent version (pluginVersion) : 20.8.1.1
[INFO] [2020-10-04 17:45:28,004 +0300[ - Port must be set or greater than 0
[INFO] [2020-10-04 17:45:28,047 +0300[ - 
------------------------------------------------------------------------
-------------------- Start: Fetch Configuration ------------------------
------------------------------------------------------------------------
[INFO] [2020-10-04 17:45:28,048 +0300[ - 
------------------------------------------------------------------------
-------------------- End: Fetch Configuration --------------------------
------------------------------------------------------------------------
[INFO] [2020-10-04 17:45:28,170 +0300[ - 
##### general #####
wss.url=https://app-eu.whitesourcesoftware.com/agent
resolveAllDependencies=false
requireKnownSha1=false
projectTag=
projectName=ksa-core
productName=KSA_EUA_NEW_Webinar
offline=false
includes=**/*.jar
forceUpdate=false
forceCheckAllDependencies=false
excludes=**/*sources.jar
enableImpactAnalysis=true
configFilePath=C:\Projects\KSA_Prioritize\whitesource-fs-agent-java.config
checkPolicies=false
appPath=C:/Projects/KSA_Prioritize/ksa/ksa-core/target/ksa-core-3.9.0.jar
apiKey=******
#whiteSourceFolderPath=.
#userKey=
#updateType=OVERRIDE
#updateInventory=true
#updateEmptyProject=true
#scanReportTimeoutMinutes=10
#scanReportFilenameFormat=project_with_timestamp
#scanPackageManager=false
#scanComment=
#requesterEmail=
#recommendationDetector=false
#projectVersion=
#projectToken=
#projectPerFolderIncludes=*
#projectPerFolderExcludes=
#projectPerFolder=false
#productVersion=
#productToken=
#offline.zip=false
#offline.prettyJson=true
#log.level=info
#ignoreSourceFiles=false
#iaLanguage=
#generateScanReport=false
#generateProjectDetailsJson=false
#forceUpdate.failBuildOnPolicyViolation=false
#failErrorLevel=DEFAULT
#excludeDependenciesFromNodes=
#euaVul=euaVul.json
#euaRes=euaRes.json
#euaOffline=
#euaDep=euaDep.json
#docker.scanContainers=false
#analyzeMultiModule=
#analyzeFrameworksReference=analyzeFrameworks.txt
#analyzeFrameworks=false

#####  #####
ignoreEuaNotices=ALL

##### ANT #####
#ant.resolveDependencies=false
#ant.pathIdIncludes=
#ant.external.parameters=

##### archive #####
#archiveIncludes=
#archiveExtractionDepth=0
#archiveExcludes=

##### artifactory #####
#artifactory.userPassword=
#artifactory.userName=
#artifactory.url=
#artifactory.repoKeys=
#artifactory.includes=.*.*
#artifactory.excludes=
#artifactory.enableScan=false
#artifactory.accessToken=

##### bazel #####
#bazel.runPreStep=false
#bazel.resolveDependencies=false

##### bower #####
#bower.runPreStep=false
#bower.resolveDependencies=false
#bower.ignoreSourceFiles=false

##### cabal #####
#haskell.resolveDependencies=false

##### cargo #####
#cargo.runPreStep=false
#cargo.resolveDependencies=false
#cargo.ignoreSourceFiles=true

##### cocoapods #####
#cocoapods.runPreStep=false
#cocoapods.resolveDependencies=false
#cocoapods.ignoreSourceFiles=true

##### docker #####
#docker.scanTarFiles=false
#docker.scanImages=false
#docker.scan.maxImages=0
#docker.pull.tags=
#docker.pull.maxImages=10
#docker.pull.images=
#docker.pull.force=false
#docker.pull.enable=false
#docker.pull.digest=
#docker.projectNameFormat=default
#docker.login.sudo=true
#docker.layers=false
#docker.includes=.*.*
#docker.includeSingleScan=
#docker.excludes=
#docker.delete.force=false
#docker.containerIncludes=.*.*
#docker.containerExcludes=

##### docker artifactory #####
#docker.artifactory.userPassword=
#docker.artifactory.userName=
#docker.artifactory.url=
#docker.artifactory.repositoriesNames=
#docker.artifactory.pullUrl=
#docker.artifactory.enable=false
#docker.artifactory.dockerAccessMethod= 

##### docker aws #####
#docker.aws.registryIds=
#docker.aws.region=east
#docker.aws.enable=false

##### docker azure #####
#docker.azure.userPassword=
#docker.azure.userName=
#docker.azure.registryNames=
#docker.azure.registryAuthenticationParameters=
#docker.azure.enable=false
#docker.azure.authenticationType=UserAccount

##### docker google containers #####
#docker.gcr.repositories=
#docker.gcr.enable=false
#docker.gcr.account=

##### docker hub #####
#docker.hub.userPassword=
#docker.hub.userName=
#docker.hub.organizationsNames=
#docker.hub.enabled=false
#docker.hub.accessToken=

##### environment #####
followSymbolicLinks=true
case.sensitive.glob=false

##### go #####
#go.resolveDependencies=false
#go.ignoreSourceFiles=false
#go.gogradle.enableTaskAlias=false
#go.glide.ignoreTestPackages=true
#go.dependencyManager=
#go.collectDependenciesAtRuntime=false

##### gradle #####
gradle.runPreStep=false
gradle.resolveDependencies=true
gradle.aggregateModules=true
#gradle.wrapperPath=
#gradle.runAssembleCommand=true
#gradle.preferredEnvironment=gradle
#gradle.multiModule.applyProjectVersion=false
#gradle.localRepositoryPath=
#gradle.includedScopes=
#gradle.includedConfigurations=
#gradle.includeModules=
#gradle.ignoredScopes=
#gradle.ignoredConfigurations=
#gradle.ignoreSourceFiles=false
#gradle.excludeModules=
#gradle.additionalArguments=

##### hex #####
#hex.runPreStep=false
#hex.resolveDependencies=false
#hex.ignoreSourceFiles=true
#hex.aggregateModules=false

##### html #####
#html.resolveDependencies=false

##### maven #####
maven.runPreStep=false
maven.resolveDependencies=true
maven.ignoredScopes=None
maven.ignoreMvnTreeErrors=false
maven.aggregateModules=true
#maven.projectNameFromDependencyFile=false
#maven.multiModule.applyProjectVersion=false
#maven.maxCacheFolderSize=
#maven.m2RepositoryPath=
#maven.ignoreSourceFiles=false
#maven.ignorePomModules=true
#maven.environmentPath=
#maven.downloadMissingDependencies=true
#maven.additionalArguments=

##### npm #####
#npm.yarnProject=false
#npm.yarn.frozenLockfile=false
#npm.timeoutDependenciesCollectorInSeconds=60
#npm.runPreStep=false
#npm.resolveMainPackageJsonOnly=false
#npm.resolveLockFile=false
#npm.resolveGlobalPackages=false
#npm.resolveDependencies=false
#npm.resolveAdditionalDependencies=false
#npm.removeDuplicateDependencies=true
#npm.projectNameFromDependencyFile=false
#npm.includeDevDependencies=false
#npm.ignoreSourceFiles=true
#npm.ignoreScripts=false
#npm.ignoreNpmLsErrors=false
#npm.ignoreJavaScriptFiles=true
#npm.ignoreDirectoryPatterns=example,examples,.ws_bower,test
#npm.identifyByNameAndVersion=false
#npm.failOnNpmLsErrors=
#npm.accessToken=

##### nuget #####
#nuget.runPreStep=false
#nuget.restoreDependencies=false
#nuget.resolvePackagesConfigFiles=true
#nuget.resolveNuspecFiles=true
#nuget.resolveDependencies=false
#nuget.resolveCsProjFiles=true
#nuget.resolveAssetsFiles=true
#nuget.preferredEnvironment=
#nuget.packagesDirectory=
#nuget.ignoreSourceFiles=true

##### ocaml #####
#ocaml.switchName=
#ocaml.runPreStep=false
#ocaml.resolveDependencies=false
#ocaml.ignoredScopes=with-test,with-doc
#ocaml.ignoreSourceFiles=false
#ocaml.aggregateModules=false

##### paket #####
#paket.runPreStep=false
#paket.resolveDependencies=false
#paket.ignoredGroups=
#paket.ignoreSourceFiles=true
#paket.exePath=

##### php #####
#php.runPreStep=false
#php.resolveDependencies=false
#php.includeDevDependencies=false
#php.ignoreSourceFiles=true

##### python #####
#python.runPoetryPreStep=false
#python.runPipenvPreStep=false
#python.resolveSetupPyFiles=false
#python.resolvePipEditablePackages=false
#python.resolveHierarchyTree=true
#python.resolveGlobalPackages=false
#python.resolveDependencies=false
#python.requirementsFileIncludes=
#python.pipenvDevDependencies=false
#python.pipPath=pip
#python.path=python
#python.localPackagePathsToInstall=
#python.isEmptyEnvironment=false
#python.installVirtualenv=false
#python.indexUrl=
#python.includePoetryDevDependencies=false
#python.ignoreSourceFiles=true
#python.ignorePipInstallErrors=false
#python.IgnorePipenvInstallErrors=false

##### r_language #####
#r.runPreStep=false
#r.resolveDependencies=false
#r.packageManager=packrat
#r.ignoreSourceFiles=true
#r.cranMirrorUrl=

##### ruby #####
#ruby.runBundleInstall=false
#ruby.resolveDependencies=false
#ruby.overwriteGemFile=false
#ruby.installMissingGems=false
#ruby.ignoreSourceFiles=true

##### sbt #####
sbt.targetFolder=
#sbt.runPreStep=false
#sbt.resolveDependencies=false
#sbt.includedScopes=compile,runtime
#sbt.ignoreSourceFiles=false
#sbt.aggregateModules=false

##### scm #####
#scm.url=
#scm.tag=
#scm.branch=

##### serverless #####
#serverless.scanFunctions=false
#serverless.region=
#serverless.provider=aws-lambda
#serverless.maxFunctions=10
#serverless.includes=
#serverless.excludes=

[DEBUG] [2020-10-04 17:45:28,865 +0300[ - Available processors (cores): 	8
Free memory (Mb): 	40
Max memory (Mb): 	6082
Total memory (Mb): 	382
Used memory (Mb): 	341

[INFO] [2020-10-04 17:45:28,874 +0300[ - Starting analysis
[INFO] [2020-10-04 17:45:28,874 +0300[ - Scanning directories [C:\Projects\KSA_Prioritize\ksa\ksa-core] for package dependencies (may take a few minutes)
[INFO] [2020-10-04 17:45:28,874 +0300[ - Included file types: **/*.jar
[INFO] [2020-10-04 17:45:28,875 +0300[ - Excluded file types: **/*sources.jar
[INFO] [2020-10-04 17:45:28,876 +0300[ - 
------------------------------------------------------------------------
-------------------- Start: Scan Files Matching Includes Pattern -------
------------------------------------------------------------------------
[DEBUG] [2020-10-04 17:45:28,877 +0300[ - Scanning C:\Projects\KSA_Prioritize\ksa\ksa-core
[DEBUG] [2020-10-04 17:45:28,889 +0300[ - Dependency file found location: C:\Projects\KSA_Prioritize\ksa\ksa-core\pom.xml
[INFO] [2020-10-04 17:45:29,054 +0300[ - Attempting to resolve dependencies
[INFO] [2020-10-04 17:45:29,054 +0300[ - 
------------------------------------------------------------------------
-------------------- Start: Pre-Step And Resolve Dependencies ----------
------------------------------------------------------------------------
[DEBUG] [2020-10-04 17:45:29,066 +0300[ - FilesFrom: MavenDependencyResolver, Dependency file found location: C:\Projects\KSA_Prioritize\ksa\ksa-core\pom.xml
[DEBUG] [2020-10-04 17:45:29,096 +0300[ - found folders:

[DEBUG] [2020-10-04 17:45:29,097 +0300[ - C:\Projects\KSA_Prioritize\ksa
[DEBUG] [2020-10-04 17:45:29,098 +0300[ - 

[DEBUG] [2020-10-04 17:45:29,116 +0300[ - 

[DEBUG] [2020-10-04 17:45:29,119 +0300[ - Finishing reduce dependencies
[INFO] [2020-10-04 17:45:29,126 +0300[ - Trying to resolve MAVEN dependencies
[DEBUG] [2020-10-04 17:45:29,144 +0300[ - CommandLineProcess - executeProcessCommand - start execute command 'cmd /c jdeps.exe -version' in '.'
[DEBUG] [2020-10-04 17:45:29,617 +0300[ - CommandLineProcess - executeProcessCommand - start execute command 'cmd /c mvn -v' in '.'
[DEBUG] [2020-10-04 17:45:30,591 +0300[ - Command result output lines for 'cmd /c mvn -v':
[DEBUG] [2020-10-04 17:45:30,592 +0300[ - Read line #1: Apache Maven 3.6.1 (d66c9c0b3152b2e69ee9bac180bb8fcc8e6af555; 2019-04-04T22:00:29+03:00)
[DEBUG] [2020-10-04 17:45:30,592 +0300[ - Read line #2: Maven home: C:\Program Files\Apache\Maven\bin\..
[DEBUG] [2020-10-04 17:45:30,592 +0300[ - Read line #3: Java version: 11.0.7, vendor: Oracle Corporation, runtime: C:\Program Files\Java\jdk-11.0.7
[DEBUG] [2020-10-04 17:45:30,592 +0300[ - Read line #4: Default locale: en_US, platform encoding: Cp1252
[DEBUG] [2020-10-04 17:45:30,593 +0300[ - Read line #5: OS name: "windows 10", version: "10.0", arch: "amd64", family: "windows"
[DEBUG] [2020-10-04 17:45:30,594 +0300[ - MAVEN installation status: true
[DEBUG] [2020-10-04 17:45:30,595 +0300[ - The command was run under C:\Projects\KSA_Prioritize\ksa\ksa-core\.
[INFO] [2020-10-04 17:45:30,595 +0300[ - topFolder = C:\Projects\KSA_Prioritize\ksa\ksa-core
[DEBUG] [2020-10-04 17:45:30,596 +0300[ - topFolder = C:\Projects\KSA_Prioritize\ksa\ksa-core
[DEBUG] [2020-10-04 17:45:30,597 +0300[ - CommandLineProcess - executeProcessCommand - start execute command 'cmd /c mvn -v' in 'C:\Projects\KSA_Prioritize\ksa\ksa-core'
[DEBUG] [2020-10-04 17:45:31,813 +0300[ - Command result output lines for 'cmd /c mvn -v':
[DEBUG] [2020-10-04 17:45:31,814 +0300[ - Read line #1: Apache Maven 3.6.1 (d66c9c0b3152b2e69ee9bac180bb8fcc8e6af555; 2019-04-04T22:00:29+03:00)
[DEBUG] [2020-10-04 17:45:31,814 +0300[ - Read line #2: Maven home: C:\Program Files\Apache\Maven\bin\..
[DEBUG] [2020-10-04 17:45:31,815 +0300[ - Read line #3: Java version: 11.0.7, vendor: Oracle Corporation, runtime: C:\Program Files\Java\jdk-11.0.7
[DEBUG] [2020-10-04 17:45:31,816 +0300[ - Read line #4: Default locale: en_US, platform encoding: Cp1252
[DEBUG] [2020-10-04 17:45:31,816 +0300[ - Read line #5: OS name: "windows 10", version: "10.0", arch: "amd64", family: "windows"
[DEBUG] [2020-10-04 17:45:31,819 +0300[ - Maven : [Apache Maven 3.6.1 (d66c9c0b3152b2e69ee9bac180bb8fcc8e6af555; 2019-04-04T22:00:29+03:00), Maven home: C:\Program Files\Apache\Maven\bin\.., Java version: 11.0.7, vendor: Oracle Corporation, runtime: C:\Program Files\Java\jdk-11.0.7, Default locale: en_US, platform encoding: Cp1252, OS name: "windows 10", version: "10.0", arch: "amd64", family: "windows"]
[DEBUG] [2020-10-04 17:45:31,823 +0300[ - CommandLineProcess - executeProcessCommand - start execute command 'cmd /c mvn -T1 dependency:tree -DoutputFile=whitesource_mvn_dependency_tree.txt -B' in 'C:\Projects\KSA_Prioritize\ksa\ksa-core'
[DEBUG] [2020-10-04 17:45:40,151 +0300[ - Command result output lines for 'cmd /c mvn -T1 dependency:tree -DoutputFile=whitesource_mvn_dependency_tree.txt -B':
[DEBUG] [2020-10-04 17:45:40,153 +0300[ - Read line #1: [INFO] Scanning for projects...
[DEBUG] [2020-10-04 17:45:40,153 +0300[ - Read line #2: [INFO] 
[DEBUG] [2020-10-04 17:45:40,154 +0300[ - Read line #3: [INFO] --------------------------< com.ksa:ksa-core >--------------------------
[DEBUG] [2020-10-04 17:45:40,155 +0300[ - Read line #4: [INFO] Building ksa-core 3.9.0
[DEBUG] [2020-10-04 17:45:40,155 +0300[ - Read line #5: [INFO] --------------------------------[ jar ]---------------------------------
[DEBUG] [2020-10-04 17:45:40,155 +0300[ - Read line #6: [INFO] 
[DEBUG] [2020-10-04 17:45:40,156 +0300[ - Read line #7: [INFO] --- maven-dependency-plugin:2.8:tree (default-cli) @ ksa-core ---
[DEBUG] [2020-10-04 17:45:40,156 +0300[ - Read line #8: [INFO] Wrote dependency tree to: C:\Projects\KSA_Prioritize\ksa\ksa-core\whitesource_mvn_dependency_tree.txt
[DEBUG] [2020-10-04 17:45:40,156 +0300[ - Read line #9: [INFO] ------------------------------------------------------------------------
[DEBUG] [2020-10-04 17:45:40,157 +0300[ - Read line #10: [INFO] BUILD SUCCESS
[DEBUG] [2020-10-04 17:45:40,165 +0300[ - Read line #11: [INFO] ------------------------------------------------------------------------
[DEBUG] [2020-10-04 17:45:40,165 +0300[ - Read line #12: [INFO] Total time:  4.402 s
[DEBUG] [2020-10-04 17:45:40,165 +0300[ - Read line #13: [INFO] Finished at: 2020-10-04T17:45:39+03:00
[DEBUG] [2020-10-04 17:45:40,165 +0300[ - Read line #14: [INFO] ------------------------------------------------------------------------
[INFO] [2020-10-04 17:45:40,174 +0300[ - Start parsing pom files
[INFO] [2020-10-04 17:45:40,175 +0300[ - Reading maven dependencies tree output file 'C:\Projects\KSA_Prioritize\ksa\ksa-core\whitesource_mvn_dependency_tree.txt'
[INFO] [2020-10-04 17:45:40,191 +0300[ - com.ksa:ksa-core:jar:3.9.0
[INFO] [2020-10-04 17:45:40,191 +0300[ - +- org.springframework:spring-core:jar:3.1.1.RELEASE:compile
[INFO] [2020-10-04 17:45:40,192 +0300[ - |  +- org.springframework:spring-asm:jar:3.1.1.RELEASE:compile
[INFO] [2020-10-04 17:45:40,192 +0300[ - |  \- commons-logging:commons-logging:jar:1.1.1:compile
[INFO] [2020-10-04 17:45:40,192 +0300[ - +- org.springframework:spring-context:jar:3.1.1.RELEASE:compile
[INFO] [2020-10-04 17:45:40,193 +0300[ - |  +- org.springframework:spring-aop:jar:3.1.1.RELEASE:compile
[INFO] [2020-10-04 17:45:40,193 +0300[ - |  |  \- aopalliance:aopalliance:jar:1.0:compile
[INFO] [2020-10-04 17:45:40,193 +0300[ - |  +- org.springframework:spring-beans:jar:3.1.1.RELEASE:compile
[INFO] [2020-10-04 17:45:40,193 +0300[ - |  \- org.springframework:spring-expression:jar:3.1.1.RELEASE:compile
[INFO] [2020-10-04 17:45:40,194 +0300[ - +- commons-lang:commons-lang:jar:2.6:compile
[INFO] [2020-10-04 17:45:40,194 +0300[ - +- com.ksa:ksa-debug:jar:3.9.0:compile
[INFO] [2020-10-04 17:45:40,194 +0300[ - |  +- commons-dbcp:commons-dbcp:jar:1.4:compile
[INFO] [2020-10-04 17:45:40,195 +0300[ - |  |  \- commons-pool:commons-pool:jar:1.5.4:compile
[INFO] [2020-10-04 17:45:40,195 +0300[ - |  +- com.h2database:h2:jar:1.3.162:compile
[INFO] [2020-10-04 17:45:40,195 +0300[ - |  \- mysql:mysql-connector-java:jar:5.1.18:compile
[INFO] [2020-10-04 17:45:40,195 +0300[ - +- org.freemarker:freemarker:jar:2.3.18:test
[INFO] [2020-10-04 17:45:40,195 +0300[ - +- org.slf4j:slf4j-api:jar:1.6.1:compile
[INFO] [2020-10-04 17:45:40,196 +0300[ - +- junit:junit:jar:4.8.2:test
[INFO] [2020-10-04 17:45:40,196 +0300[ - +- org.slf4j:slf4j-log4j12:jar:1.6.1:test
[INFO] [2020-10-04 17:45:40,196 +0300[ - \- log4j:log4j:jar:1.2.16:test
[INFO] [2020-10-04 17:45:40,210 +0300[ - End parsing pom files , found : ksa-core
[INFO] [2020-10-04 17:45:40,211 +0300[ - The following maven scopes will be ignored : [None]
[DEBUG] [2020-10-04 17:45:40,216 +0300[ - converting node to dependency :spring-core
[DEBUG] [2020-10-04 17:45:40,218 +0300[ - converting node to dependency :spring-asm
[DEBUG] [2020-10-04 17:45:40,219 +0300[ - converting node to dependency :commons-logging
[DEBUG] [2020-10-04 17:45:40,220 +0300[ - converting node to dependency :spring-context
[DEBUG] [2020-10-04 17:45:40,221 +0300[ - converting node to dependency :spring-aop
[DEBUG] [2020-10-04 17:45:40,221 +0300[ - converting node to dependency :aopalliance
[DEBUG] [2020-10-04 17:45:40,222 +0300[ - converting node to dependency :spring-beans
[DEBUG] [2020-10-04 17:45:40,223 +0300[ - converting node to dependency :spring-expression
[DEBUG] [2020-10-04 17:45:40,224 +0300[ - converting node to dependency :commons-lang
[DEBUG] [2020-10-04 17:45:40,224 +0300[ - converting node to dependency :ksa-debug
[DEBUG] [2020-10-04 17:45:40,225 +0300[ - converting node to dependency :commons-dbcp
[DEBUG] [2020-10-04 17:45:40,226 +0300[ - converting node to dependency :commons-pool
[DEBUG] [2020-10-04 17:45:40,226 +0300[ - converting node to dependency :h2
[DEBUG] [2020-10-04 17:45:40,227 +0300[ - converting node to dependency :mysql-connector-java
[DEBUG] [2020-10-04 17:45:40,227 +0300[ - converting node to dependency :freemarker
[DEBUG] [2020-10-04 17:45:40,227 +0300[ - converting node to dependency :slf4j-api
[DEBUG] [2020-10-04 17:45:40,228 +0300[ - converting node to dependency :junit
[DEBUG] [2020-10-04 17:45:40,229 +0300[ - converting node to dependency :slf4j-log4j12
[DEBUG] [2020-10-04 17:45:40,229 +0300[ - converting node to dependency :log4j
[DEBUG] [2020-10-04 17:45:40,303 +0300[ - Project/Module coordinates: Coordinates@2185f144[groupId= com.ksa,artifactId= ksa-core,version= 3.9.0 ]
[DEBUG] [2020-10-04 17:45:40,304 +0300[ - Total project direct dependencies found : 9
[DEBUG] [2020-10-04 17:45:40,306 +0300[ - ProjectInfo direct dependency added : 9
[INFO] [2020-10-04 17:45:40,350 +0300[ - 
------------------------------------------------------------------------
-------------------- End: Pre-Step And Resolve Dependencies ------------
------------------------------------------------------------------------
[DEBUG] [2020-10-04 17:45:40,355 +0300[ - total resolved projects =1
[INFO] [2020-10-04 17:45:40,357 +0300[ - Scanning directories [C:\Projects\KSA_Prioritize\ksa\ksa-core] for matching source/binary file types (may take a few minutes)
[DEBUG] [2020-10-04 17:45:40,357 +0300[ - Scanning C:\Projects\KSA_Prioritize\ksa\ksa-core
[DEBUG] [2020-10-04 17:45:40,443 +0300[ - File/Folder Excluded: target\ksa-core-3.9.0-sources.jar
[DEBUG] [2020-10-04 17:45:40,443 +0300[ - Dependency file found location: C:\Projects\KSA_Prioritize\ksa\ksa-core\target\ksa-core-3.9.0.jar
[INFO] [2020-10-04 17:45:40,454 +0300[ - Total files found according to the includes/excludes pattern: 1
[INFO] [2020-10-04 17:45:41,210 +0300[ - 
------------------------------------------------------------------------
-------------------- End: Scan Files Matching Includes Pattern ---------
------------------------------------------------------------------------
[INFO] [2020-10-04 17:45:41,211 +0300[ - Finished analyzing Files
[DEBUG] [2020-10-04 17:45:41,211 +0300[ - Available processors (cores): 	8
Free memory (Mb): 	27
Max memory (Mb): 	6082
Total memory (Mb): 	382
Used memory (Mb): 	354

[INFO] [2020-10-04 17:45:42,910 +0300[ - Initializing WhiteSource Client
[DEBUG] [2020-10-04 17:45:42,911 +0300[ - Setting project tags
[INFO] [2020-10-04 17:45:42,913 +0300[ - Service URL is https://app-eu.whitesourcesoftware.com/agent
[INFO] [2020-10-04 17:45:43,205 +0300[ - UpdateType set to OVERRIDE 
[INFO] [2020-10-04 17:45:43,206 +0300[ - Effective Usage Analysis version: 2020.8.1.921
[INFO] [2020-10-04 17:45:43,206 +0300[ - 
------------------------------------------------------------------------
-------------------- Start: Effective Usage Analysis -------------------
------------------------------------------------------------------------
[INFO] [2020-10-04 17:45:43,232 +0300[ - Starting analysis for: C:/Projects/KSA_Prioritize/ksa/ksa-core/target/ksa-core-3.9.0.jar
[INFO] [2020-10-04 17:45:43,233 +0300[ - --------------------Effective Usage Analysis----------------------

[INFO] [2020-10-04 17:46:51,592 +0300[ - Analysis finished (0:01:08)                                         

[INFO] [2020-10-04 17:46:51,592 +0300[ - SUMMARY
[INFO] [2020-10-04 17:46:51,593 +0300[ - ----------------------------------------

[INFO] [2020-10-04 17:46:51,594 +0300[ - Issues encountered during analysis:
[EUA280] CVE-2020-9488 log4j 1.2.16 (7999a63bfccbc7c247a9aea10d83d4272bd492c6)
[EUA280] CVE-2020-2933 mysql-connector-java 5.1.18 (85dfedad243dc0303ad7ae3a323c39421d220690)
[EUA280] CVE-2019-2692 mysql-connector-java 5.1.18 (85dfedad243dc0303ad7ae3a323c39421d220690)
[EUA280] CVE-2019-17571 log4j 1.2.16 (7999a63bfccbc7c247a9aea10d83d4272bd492c6)
[INFO] [2020-10-04 17:46:51,595 +0300[ - For more details please check the log file :C:\Users\ShaiMael\AppData\Local\Temp\whitesource7074569983820709477\log_20201004_174543.txt
[INFO] [2020-10-04 17:46:51,596 +0300[ - ------------------------------------------------------------------

[INFO] [2020-10-04 17:46:51,604 +0300[ - Got impact analysis result from server
[INFO] [2020-10-04 17:46:51,605 +0300[ - 
------------------------------------------------------------------------
-------------------- End: Effective Usage Analysis ---------------------
------------------------------------------------------------------------
[INFO] [2020-10-04 17:46:51,605 +0300[ - Sending Update
[INFO] [2020-10-04 17:46:51,606 +0300[ - 
------------------------------------------------------------------------
-------------------- Start: Update Inventory ---------------------------
------------------------------------------------------------------------
[INFO] [2020-10-04 17:46:53,354 +0300[ - 
------------------------------------------------------------------------
-------------------- End: Update Inventory -----------------------------
------------------------------------------------------------------------
[INFO] [2020-10-04 17:46:53,354 +0300[ - Inventory update results for Shai Demo
[INFO] [2020-10-04 17:46:53,354 +0300[ - No new projects found.
[INFO] [2020-10-04 17:46:53,354 +0300[ - Updated projects:
[INFO] [2020-10-04 17:46:53,355 +0300[ - # ksa-core
[INFO] [2020-10-04 17:46:53,355 +0300[ - Project name: ksa-core, URL: https://app-eu.whitesourcesoftware.com/Wss/WSS.html#!project;id=420689
[INFO] [2020-10-04 17:46:53,355 +0300[ - Support Token: 2504e932458fb485ab2c3f1d1da1e16801601822810289
[DEBUG] [2020-10-04 17:46:53,355 +0300[ - Process finished with exit code SUCCESS (Inventory update results for Shai Demo
No new projects found.
Updated projects:
ksa-core

Project name: ksa-core, project URL:https://app-eu.whitesourcesoftware.com/Wss/WSS.html#!project;id=420689
Support Token: 2504e932458fb485ab2c3f1d1da1e16801601822810289)
[INFO] [2020-10-04 17:46:53,356 +0300[ - Log files are found at: .\whitesource\Sun-Oct-04-2020-17.45.27
[DEBUG] [2020-10-04 17:46:53,361 +0300[ - Setting AnalysisFailures in SystemExit: [EUA280] CVE-2020-9488 log4j 1.2.16 (7999a63bfccbc7c247a9aea10d83d4272bd492c6),[EUA280] CVE-2020-2933 mysql-connector-java 5.1.18 (85dfedad243dc0303ad7ae3a323c39421d220690),[EUA280] CVE-2019-2692 mysql-connector-java 5.1.18 (85dfedad243dc0303ad7ae3a323c39421d220690),[EUA280] CVE-2019-17571 log4j 1.2.16 (7999a63bfccbc7c247a9aea10d83d4272bd492c6)
[INFO] [2020-10-04 17:46:53,363 +0300[ - 
------------------------------------------------------------------------------------------------------------------------------------------------------
------------------------------------------------------------- WhiteSource Scan Summary: --------------------------------------------------------------
------------------------------------------------------------------------------------------------------------------------------------------------------
======================================================================================================================================================
Scan Origin: Local File System
======================================================================================================================================================
Step                                              Completion Status               Elapsed                  Comments
======================================================================================================================================================
Fetch Configuration                                  COMPLETED                  00:00:00.255               --------
Pre-Step And Resolve Dependencies                    COMPLETED                  00:00:10.733               19 total dependencies (19 unique)
   MAVEN                                             COMPLETED                  00:00:10.733               19 total dependencies (19 unique)
Scan Files Matching Includes Pattern                 COMPLETED                  00:00:01.029               1 source/binary files
   jar                                               COMPLETED                    --------                 1 source/binary files
Effective Usage Analysis                             COMPLETED                  00:01:08.399               --------
Update Inventory                                     COMPLETED                  00:00:01.748               1 updated projects

======================================================================================================================================================
Elapsed running time:                                                           00:01:22.164
======================================================================================================================================================
Process finished with exit code SUCCESS (0)

======================================================================================================================================================
All non [EUA000] return code:
======================================================================================================================================================
MODULE(1):  ksa-core ,[EUA280] CVE-2020-9488 log4j 1.2.16 (7999a63bfccbc7c247a9aea10d83d4272bd492c6); [EUA280] CVE-2020-2933 mysql-connector-java 5.1.18 (85dfedad243dc0303ad7ae3a323c39421d220690); [EUA280] CVE-2019-2692 mysql-connector-java 5.1.18 (85dfedad243dc0303ad7ae3a323c39421d220690); [EUA280] CVE-2019-17571 log4j 1.2.16 (7999a63bfccbc7c247a9aea10d83d4272bd492c6); 

