[INFO] [2020-07-12 09:30:22,553 +0300[ - UnifiedAgent version (pluginVersion) : 20.4.2.1
[INFO] [2020-07-12 09:30:23,131 +0300[ - Port must be set or greater than 0
[INFO] [2020-07-12 09:30:23,213 +0300[ - 
------------------------------------------------------------------------
-------------------- Start: Fetch Configuration ------------------------
------------------------------------------------------------------------
[INFO] [2020-07-12 09:30:23,215 +0300[ - 
------------------------------------------------------------------------
-------------------- End: Fetch Configuration --------------------------
------------------------------------------------------------------------
[INFO] [2020-07-12 09:30:23,299 +0300[ - 
##### general #####
wss.url=https://app-eu.whitesourcesoftware.com/agent
resolveAllDependencies=false
requireKnownSha1=false
projectTag=
projectName=ksa-dao-context
productName=KSA_EUA_NEW
offline=false
includes=**/*.jar
forceUpdate=false
forceCheckAllDependencies=false
excludes=**/*sources.jar
enableImpactAnalysis=true
configFilePath=C:\Projects\KSA_Prioritize\whitesource-fs-agent-java.config
checkPolicies=false
appPath=C:/Projects/KSA_Prioritize/ksa/ksa-dao-context/target/ksa-dao-context-3.9.0.jar
apiKey=******
#whiteSourceFolderPath=.
#userKey=
#updateType=OVERRIDE
#updateInventory=true
#updateEmptyProject=true
#scanReportTimeoutMinutes=10
#scanReportFilenameFormat=project_with_timestamp
#scanPackageManager=false
#scanComment=
#requesterEmail=
#recommendationDetector=false
#projectVersion=
#projectToken=
#projectPerFolderIncludes=*
#projectPerFolderExcludes=
#projectPerFolder=false
#productVersion=
#productToken=
#offline.zip=false
#offline.prettyJson=true
#log.level=info
#ignoreSourceFiles=false
#iaLanguage=
#generateScanReport=false
#generateProjectDetailsJson=false
#forceUpdate.failBuildOnPolicyViolation=false
#failErrorLevel=DEFAULT
#excludeDependenciesFromNodes=
#euaVul=euaVul.json
#euaRes=euaRes.json
#euaOffline=
#euaDep=euaDep.json
#docker.scanContainers=false
#analyzeMultiModule=
#analyzeFrameworksReference=analyzeFrameworks.txt
#analyzeFrameworks=false

#####  #####
ignoreEuaNotices=ALL
#euaRefactored=true

##### ANT #####
#ant.resolveDependencies=false
#ant.pathIdIncludes=
#ant.external.parameters=

##### archive #####
#archiveIncludes=
#archiveExtractionDepth=0
#archiveExcludes=

##### artifactory #####
#artifactory.userPassword=
#artifactory.userName=
#artifactory.url=
#artifactory.repoKeys=
#artifactory.includes=.*.*
#artifactory.excludes=
#artifactory.enableScan=false
#artifactory.accessToken=

##### bower #####
#bower.runPreStep=false
#bower.resolveDependencies=false
#bower.ignoreSourceFiles=false

##### cabal #####
#haskell.resolveDependencies=false

##### cargo #####
#cargo.runPreStep=false
#cargo.resolveDependencies=false
#cargo.ignoreSourceFiles=true

##### cocoapods #####
#cocoapods.runPreStep=false
#cocoapods.resolveDependencies=false
#cocoapods.ignoreSourceFiles=true

##### docker #####
#docker.scanTarFiles=false
#docker.scanImages=false
#docker.scan.maxImages=0
#docker.pull.tags=
#docker.pull.maxImages=10
#docker.pull.images=
#docker.pull.force=false
#docker.pull.enable=false
#docker.pull.digest=
#docker.login.sudo=true
#docker.includes=.*.*
#docker.includeSingleScan=
#docker.excludes=
#docker.delete.force=false
#docker.containerIncludes=.*.*
#docker.containerExcludes=

##### docker artifactory #####
#docker.artifactory.userPassword=
#docker.artifactory.userName=
#docker.artifactory.url=
#docker.artifactory.repositoriesNames=
#docker.artifactory.pullUrl=
#docker.artifactory.enable=false
#docker.artifactory.dockerAccessMethod= 

##### docker aws #####
#docker.aws.registryIds=
#docker.aws.region=east
#docker.aws.enable=false

##### docker azure #####
#docker.azure.userPassword=
#docker.azure.userName=
#docker.azure.registryNames=
#docker.azure.registryAuthenticationParameters=
#docker.azure.enable=false
#docker.azure.authenticationType=UserAccount

##### docker google containers #####
#docker.gcr.repositories=
#docker.gcr.enable=false
#docker.gcr.account=

##### docker hub #####
#docker.hub.userPassword=
#docker.hub.userName=
#docker.hub.organizationsNames=
#docker.hub.enabled=false
#docker.hub.accessToken=

##### environment #####
followSymbolicLinks=true
case.sensitive.glob=false

##### go #####
#go.resolveDependencies=false
#go.ignoreSourceFiles=false
#go.gogradle.enableTaskAlias=false
#go.glide.ignoreTestPackages=true
#go.dependencyManager=
#go.collectDependenciesAtRuntime=false

##### gradle #####
gradle.runPreStep=false
gradle.resolveDependencies=true
gradle.aggregateModules=true
#gradle.wrapperPath=
#gradle.runAssembleCommand=true
#gradle.preferredEnvironment=gradle
#gradle.localRepositoryPath=
#gradle.includedScopes=
#gradle.includedConfigurations=
#gradle.includeModules=
#gradle.ignoredScopes=
#gradle.ignoredConfigurations=
#gradle.ignoreSourceFiles=false
#gradle.excludeModules=
#gradle.additionalArguments=

##### hex #####
#hex.runPreStep=false
#hex.resolveDependencies=false
#hex.ignoreSourceFiles=true
#hex.aggregateModules=false

##### html #####
#html.resolveDependencies=false

##### maven #####
maven.runPreStep=false
maven.resolveDependencies=true
maven.ignoredScopes=None
maven.ignoreMvnTreeErrors=false
maven.aggregateModules=true
#maven.projectNameFromDependencyFile=false
#maven.maxCacheFolderSize=
#maven.m2RepositoryPath=
#maven.ignoreSourceFiles=false
#maven.ignorePomModules=true
#maven.environmentPath=
#maven.downloadMissingDependencies=true
#maven.additionalArguments=

##### npm #####
#npm.yarnProject=false
#npm.yarn.frozenLockfile=false
#npm.timeoutDependenciesCollectorInSeconds=60
#npm.runPreStep=false
#npm.resolvePackageFile=true
#npm.resolveMainPackageJsonOnly=false
#npm.resolveLockFile=false
#npm.resolveGlobalPackages=false
#npm.resolveDependencies=false
#npm.resolveAdditionalDependencies=false
#npm.removeDuplicateDependencies=true
#npm.projectNameFromDependencyFile=false
#npm.includeDevDependencies=false
#npm.ignoreSourceFiles=true
#npm.ignoreScripts=false
#npm.ignoreNpmLsErrors=false
#npm.ignoreJavaScriptFiles=true
#npm.identifyByNameAndVersion=false
#npm.failOnNpmLsErrors=
#npm.accessToken=

##### nuget #####
#nuget.runPreStep=false
#nuget.restoreDependencies=false
#nuget.resolvePackagesConfigFiles=true
#nuget.resolveNuspecFiles=true
#nuget.resolveDependencies=false
#nuget.resolveCsProjFiles=true
#nuget.resolveAssetsFiles=true
#nuget.preferredEnvironment=
#nuget.packagesDirectory=
#nuget.ignoreSourceFiles=true

##### ocaml #####
#ocaml.switchName=
#ocaml.runPreStep=false
#ocaml.resolveDependencies=false
#ocaml.ignoredScopes=with-test,with-doc
#ocaml.ignoreSourceFiles=false
#ocaml.aggregateModules=false

##### paket #####
#paket.runPreStep=false
#paket.resolveDependencies=false
#paket.ignoredGroups=
#paket.ignoreSourceFiles=true
#paket.exePath=

##### php #####
#php.runPreStep=false
#php.resolveDependencies=false
#php.includeDevDependencies=false
#php.ignoreSourceFiles=true

##### pub #####
#pub.runPreStep=false
#pub.resolveDependencies=false
#pub.includeDevDependencies=false
#pub.ignoreSourceFiles=true
#pub.dependencySourceExclude=

##### python #####
#python.uninstallWssPlugin=false
#python.runPoetryPreStep=false
#python.runPipenvPreStep=false
#python.resolveSetupPyFiles=false
#python.resolvePipEditablePackages=false
#python.resolveHierarchyTree=true
#python.resolveGlobalPackages=false
#python.resolveDependencies=false
#python.requirementsFileIncludes=requirements.txt,Pipfile,pyproject.toml
#python.pipenvDevDependencies=false
#python.pipPath=pip
#python.path=python
#python.isWssPluginInstalled=false
#python.isEmptyEnvironment=false
#python.installVirtualenv=false
#python.indexUrl=
#python.includePoetryDevDependencies=false
#python.ignoreSourceFiles=true
#python.ignorePipInstallErrors=false
#python.IgnorePipenvInstallErrors=false

##### r_language #####
#r.runPreStep=false
#r.resolveDependencies=false
#r.packageManager=packrat
#r.ignoreSourceFiles=true
#r.cranMirrorUrl=

##### ruby #####
#ruby.runBundleInstall=false
#ruby.resolveDependencies=false
#ruby.overwriteGemFile=false
#ruby.installMissingGems=false
#ruby.ignoreSourceFiles=true

##### sbt #####
sbt.targetFolder=
#sbt.runPreStep=false
#sbt.resolveDependencies=false
#sbt.includedScopes=compile,runtime
#sbt.ignoreSourceFiles=false
#sbt.aggregateModules=false

##### scm #####
#scm.url=
#scm.tag=
#scm.branch=

##### serverless #####
#serverless.scanFunctions=false
#serverless.region=
#serverless.provider=aws-lambda
#serverless.maxFunctions=10
#serverless.includes=
#serverless.excludes=

[DEBUG] [2020-07-12 09:30:23,616 +0300[ - Available processors (cores): 	8
Free memory (Mb): 	190
Max memory (Mb): 	6082
Total memory (Mb): 	384
Used memory (Mb): 	193

[INFO] [2020-07-12 09:30:23,634 +0300[ - Starting analysis
[INFO] [2020-07-12 09:30:23,634 +0300[ - Scanning directories [C:\Projects\KSA_Prioritize\ksa\ksa-dao-context] for package dependencies (may take a few minutes)
[INFO] [2020-07-12 09:30:23,635 +0300[ - Included file types: **/*.jar
[INFO] [2020-07-12 09:30:23,636 +0300[ - Excluded file types: **/*sources.jar
[INFO] [2020-07-12 09:30:23,638 +0300[ - 
------------------------------------------------------------------------
-------------------- Start: Scan Files Matching Includes Pattern -------
------------------------------------------------------------------------
[DEBUG] [2020-07-12 09:30:23,639 +0300[ - Scanning C:\Projects\KSA_Prioritize\ksa\ksa-dao-context
[DEBUG] [2020-07-12 09:30:23,676 +0300[ - Dependency file found location: C:\Projects\KSA_Prioritize\ksa\ksa-dao-context\pom.xml
[INFO] [2020-07-12 09:30:23,857 +0300[ - Attempting to resolve dependencies
[INFO] [2020-07-12 09:30:23,858 +0300[ - 
------------------------------------------------------------------------
-------------------- Start: Pre-Step And Resolve Dependencies ----------
------------------------------------------------------------------------
[DEBUG] [2020-07-12 09:30:23,873 +0300[ - FilesFrom: MavenDependencyResolver, Dependency file found location: C:\Projects\KSA_Prioritize\ksa\ksa-dao-context\pom.xml
[DEBUG] [2020-07-12 09:30:23,898 +0300[ - found folders:

[DEBUG] [2020-07-12 09:30:23,899 +0300[ - C:\Projects\KSA_Prioritize\ksa
[DEBUG] [2020-07-12 09:30:23,900 +0300[ - 

[DEBUG] [2020-07-12 09:30:23,964 +0300[ - 

[DEBUG] [2020-07-12 09:30:23,969 +0300[ - Finishing reduce dependencies
[INFO] [2020-07-12 09:30:25,540 +0300[ - Trying to resolve MAVEN dependencies
[DEBUG] [2020-07-12 09:30:25,550 +0300[ - CommandLineProcess - executeProcessCommand - start execute command 'cmd /c jdeps.exe -version' in '.'
[DEBUG] [2020-07-12 09:30:26,711 +0300[ - CommandLineProcess - executeProcessCommand - start execute command 'cmd /c mvn -v' in '.'
[DEBUG] [2020-07-12 09:30:29,266 +0300[ - MAVEN installation status: true
[DEBUG] [2020-07-12 09:30:29,267 +0300[ - The command was run under C:\Projects\KSA_Prioritize\ksa\ksa-dao-context\.
[INFO] [2020-07-12 09:30:29,267 +0300[ - topFolder = C:\Projects\KSA_Prioritize\ksa\ksa-dao-context
[DEBUG] [2020-07-12 09:30:29,268 +0300[ - topFolder = C:\Projects\KSA_Prioritize\ksa\ksa-dao-context
[DEBUG] [2020-07-12 09:30:29,274 +0300[ - CommandLineProcess - executeProcessCommand - start execute command 'cmd /c mvn -v' in 'C:\Projects\KSA_Prioritize\ksa\ksa-dao-context'
[DEBUG] [2020-07-12 09:30:31,214 +0300[ - Command result output lines for 'cmd /c mvn -v':
[DEBUG] [2020-07-12 09:30:31,215 +0300[ - Read line #1: Apache Maven 3.6.1 (d66c9c0b3152b2e69ee9bac180bb8fcc8e6af555; 2019-04-04T22:00:29+03:00)
[DEBUG] [2020-07-12 09:30:31,215 +0300[ - Read line #2: Maven home: C:\Program Files\Apache\Maven\bin\..
[DEBUG] [2020-07-12 09:30:31,216 +0300[ - Read line #3: Java version: 11.0.7, vendor: Oracle Corporation, runtime: C:\Program Files\Java\jdk-11.0.7
[DEBUG] [2020-07-12 09:30:31,216 +0300[ - Read line #4: Default locale: en_US, platform encoding: Cp1252
[DEBUG] [2020-07-12 09:30:31,216 +0300[ - Read line #5: OS name: "windows 10", version: "10.0", arch: "amd64", family: "windows"
[DEBUG] [2020-07-12 09:30:31,218 +0300[ - Maven : [Apache Maven 3.6.1 (d66c9c0b3152b2e69ee9bac180bb8fcc8e6af555; 2019-04-04T22:00:29+03:00), Maven home: C:\Program Files\Apache\Maven\bin\.., Java version: 11.0.7, vendor: Oracle Corporation, runtime: C:\Program Files\Java\jdk-11.0.7, Default locale: en_US, platform encoding: Cp1252, OS name: "windows 10", version: "10.0", arch: "amd64", family: "windows"]
[DEBUG] [2020-07-12 09:30:31,221 +0300[ - CommandLineProcess - executeProcessCommand - start execute command 'cmd /c mvn -T1 dependency:tree -DoutputFile=whitesource_mvn_dependency_tree.txt -B' in 'C:\Projects\KSA_Prioritize\ksa\ksa-dao-context'
[DEBUG] [2020-07-12 09:31:40,269 +0300[ - Command result output lines for 'cmd /c mvn -T1 dependency:tree -DoutputFile=whitesource_mvn_dependency_tree.txt -B':
[DEBUG] [2020-07-12 09:31:40,271 +0300[ - Read line #1: [INFO] Scanning for projects...
[DEBUG] [2020-07-12 09:31:40,271 +0300[ - Read line #2: [INFO] 
[DEBUG] [2020-07-12 09:31:40,272 +0300[ - Read line #3: [INFO] ----------------------< com.ksa:ksa-dao-context >-----------------------
[DEBUG] [2020-07-12 09:31:40,273 +0300[ - Read line #4: [INFO] Building ksa-dao-context 3.9.0
[DEBUG] [2020-07-12 09:31:40,274 +0300[ - Read line #5: [INFO] --------------------------------[ jar ]---------------------------------
[DEBUG] [2020-07-12 09:31:40,274 +0300[ - Read line #6: [INFO] 
[DEBUG] [2020-07-12 09:31:40,274 +0300[ - Read line #7: [INFO] --- maven-dependency-plugin:2.8:tree (default-cli) @ ksa-dao-context ---
[DEBUG] [2020-07-12 09:31:40,274 +0300[ - Read line #8: [INFO] Wrote dependency tree to: C:\Projects\KSA_Prioritize\ksa\ksa-dao-context\whitesource_mvn_dependency_tree.txt
[DEBUG] [2020-07-12 09:31:40,275 +0300[ - Read line #9: [INFO] ------------------------------------------------------------------------
[DEBUG] [2020-07-12 09:31:40,275 +0300[ - Read line #10: [INFO] BUILD SUCCESS
[DEBUG] [2020-07-12 09:31:40,275 +0300[ - Read line #11: [INFO] ------------------------------------------------------------------------
[DEBUG] [2020-07-12 09:31:40,275 +0300[ - Read line #12: [INFO] Total time:  18.302 s
[DEBUG] [2020-07-12 09:31:40,277 +0300[ - Read line #13: [INFO] Finished at: 2020-07-12T09:31:39+03:00
[DEBUG] [2020-07-12 09:31:40,278 +0300[ - Read line #14: [INFO] ------------------------------------------------------------------------
[INFO] [2020-07-12 09:31:40,285 +0300[ - Start parsing pom files
[INFO] [2020-07-12 09:31:40,287 +0300[ - Reading maven dependencies tree output file 'C:\Projects\KSA_Prioritize\ksa\ksa-dao-context\whitesource_mvn_dependency_tree.txt'
[INFO] [2020-07-12 09:31:40,303 +0300[ - com.ksa:ksa-dao-context:jar:3.9.0
[INFO] [2020-07-12 09:31:40,304 +0300[ - +- org.mybatis:mybatis:jar:3.1.1:compile
[INFO] [2020-07-12 09:31:40,313 +0300[ - +- org.mybatis:mybatis-spring:jar:1.1.1:compile
[INFO] [2020-07-12 09:31:40,313 +0300[ - |  +- org.springframework:spring-core:jar:3.1.1.RELEASE:compile
[INFO] [2020-07-12 09:31:40,313 +0300[ - |  |  \- commons-logging:commons-logging:jar:1.1.1:compile
[INFO] [2020-07-12 09:31:40,314 +0300[ - |  +- org.springframework:spring-tx:jar:3.1.1.RELEASE:compile
[INFO] [2020-07-12 09:31:40,314 +0300[ - |  |  \- org.springframework:spring-beans:jar:3.1.1.RELEASE:compile
[INFO] [2020-07-12 09:31:40,314 +0300[ - |  +- org.springframework:spring-jdbc:jar:3.1.1.RELEASE:compile
[INFO] [2020-07-12 09:31:40,314 +0300[ - |  \- org.springframework:spring-context:jar:3.1.1.RELEASE:compile
[INFO] [2020-07-12 09:31:40,315 +0300[ - |     +- org.springframework:spring-aop:jar:3.1.1.RELEASE:compile
[INFO] [2020-07-12 09:31:40,315 +0300[ - |     |  \- aopalliance:aopalliance:jar:1.0:compile
[INFO] [2020-07-12 09:31:40,315 +0300[ - |     +- org.springframework:spring-expression:jar:3.1.1.RELEASE:compile
[INFO] [2020-07-12 09:31:40,316 +0300[ - |     \- org.springframework:spring-asm:jar:3.1.1.RELEASE:compile
[INFO] [2020-07-12 09:31:40,316 +0300[ - +- com.ksa:ksa-core:jar:3.9.0:compile
[INFO] [2020-07-12 09:31:40,317 +0300[ - |  +- commons-lang:commons-lang:jar:2.6:compile
[INFO] [2020-07-12 09:31:40,317 +0300[ - |  \- com.ksa:ksa-debug:jar:3.9.0:compile
[INFO] [2020-07-12 09:31:40,318 +0300[ - |     +- commons-dbcp:commons-dbcp:jar:1.4:compile
[INFO] [2020-07-12 09:31:40,321 +0300[ - |     |  \- commons-pool:commons-pool:jar:1.5.4:compile
[INFO] [2020-07-12 09:31:40,321 +0300[ - |     +- com.h2database:h2:jar:1.3.162:compile
[INFO] [2020-07-12 09:31:40,322 +0300[ - |     +- mysql:mysql-connector-java:jar:5.1.18:compile
[INFO] [2020-07-12 09:31:40,322 +0300[ - |     \- org.freemarker:freemarker:jar:2.3.18:compile
[INFO] [2020-07-12 09:31:40,323 +0300[ - +- org.slf4j:slf4j-api:jar:1.6.1:compile
[INFO] [2020-07-12 09:31:40,323 +0300[ - +- junit:junit:jar:4.8.2:test
[INFO] [2020-07-12 09:31:40,324 +0300[ - +- org.slf4j:slf4j-log4j12:jar:1.6.1:test
[INFO] [2020-07-12 09:31:40,325 +0300[ - \- log4j:log4j:jar:1.2.16:test
[INFO] [2020-07-12 09:31:40,344 +0300[ - End parsing pom files , found : ksa-dao-context
[INFO] [2020-07-12 09:31:40,345 +0300[ - The following maven scopes will be ignored : [None]
[DEBUG] [2020-07-12 09:31:40,373 +0300[ - converting node to dependency :mybatis
[DEBUG] [2020-07-12 09:31:40,376 +0300[ - converting node to dependency :mybatis-spring
[DEBUG] [2020-07-12 09:31:40,376 +0300[ - converting node to dependency :spring-core
[DEBUG] [2020-07-12 09:31:40,377 +0300[ - converting node to dependency :commons-logging
[DEBUG] [2020-07-12 09:31:40,378 +0300[ - converting node to dependency :spring-tx
[DEBUG] [2020-07-12 09:31:40,380 +0300[ - converting node to dependency :spring-beans
[DEBUG] [2020-07-12 09:31:40,381 +0300[ - converting node to dependency :spring-jdbc
[DEBUG] [2020-07-12 09:31:40,382 +0300[ - converting node to dependency :spring-context
[DEBUG] [2020-07-12 09:31:40,383 +0300[ - converting node to dependency :spring-aop
[DEBUG] [2020-07-12 09:31:40,383 +0300[ - converting node to dependency :aopalliance
[DEBUG] [2020-07-12 09:31:40,385 +0300[ - converting node to dependency :spring-expression
[DEBUG] [2020-07-12 09:31:40,385 +0300[ - converting node to dependency :spring-asm
[DEBUG] [2020-07-12 09:31:40,386 +0300[ - converting node to dependency :ksa-core
[DEBUG] [2020-07-12 09:31:40,389 +0300[ - converting node to dependency :commons-lang
[DEBUG] [2020-07-12 09:31:40,392 +0300[ - converting node to dependency :ksa-debug
[DEBUG] [2020-07-12 09:31:40,394 +0300[ - converting node to dependency :commons-dbcp
[DEBUG] [2020-07-12 09:31:40,395 +0300[ - converting node to dependency :commons-pool
[DEBUG] [2020-07-12 09:31:40,396 +0300[ - converting node to dependency :h2
[DEBUG] [2020-07-12 09:31:40,396 +0300[ - converting node to dependency :mysql-connector-java
[DEBUG] [2020-07-12 09:31:40,397 +0300[ - converting node to dependency :freemarker
[DEBUG] [2020-07-12 09:31:40,399 +0300[ - converting node to dependency :slf4j-api
[DEBUG] [2020-07-12 09:31:40,399 +0300[ - converting node to dependency :junit
[DEBUG] [2020-07-12 09:31:40,400 +0300[ - converting node to dependency :slf4j-log4j12
[DEBUG] [2020-07-12 09:31:40,401 +0300[ - converting node to dependency :log4j
[DEBUG] [2020-07-12 09:31:40,509 +0300[ - Project/Module coordinates: Coordinates@59d2afcf[groupId= com.ksa,artifactId= ksa-dao-context,version= 3.9.0 ]
[DEBUG] [2020-07-12 09:31:40,510 +0300[ - Total project direct dependencies found : 7
[DEBUG] [2020-07-12 09:31:40,512 +0300[ - ProjectInfo direct dependency added : 7
[INFO] [2020-07-12 09:31:40,631 +0300[ - 
------------------------------------------------------------------------
-------------------- End: Pre-Step And Resolve Dependencies ------------
------------------------------------------------------------------------
[DEBUG] [2020-07-12 09:31:40,641 +0300[ - total resolved projects =1
[INFO] [2020-07-12 09:31:40,642 +0300[ - Scanning directories [C:\Projects\KSA_Prioritize\ksa\ksa-dao-context] for matching source/binary file types (may take a few minutes)
[DEBUG] [2020-07-12 09:31:40,643 +0300[ - Scanning C:\Projects\KSA_Prioritize\ksa\ksa-dao-context
[DEBUG] [2020-07-12 09:31:40,737 +0300[ - File/Folder Excluded: target\ksa-dao-context-3.9.0-sources.jar
[DEBUG] [2020-07-12 09:31:40,737 +0300[ - Dependency file found location: C:\Projects\KSA_Prioritize\ksa\ksa-dao-context\target\ksa-dao-context-3.9.0.jar
[INFO] [2020-07-12 09:31:40,746 +0300[ - Total files found according to the includes/excludes pattern: 1
[INFO] [2020-07-12 09:31:42,496 +0300[ - 
------------------------------------------------------------------------
-------------------- End: Scan Files Matching Includes Pattern ---------
------------------------------------------------------------------------
[INFO] [2020-07-12 09:31:42,498 +0300[ - Finished analyzing Files
[DEBUG] [2020-07-12 09:31:42,498 +0300[ - Available processors (cores): 	8
Free memory (Mb): 	114
Max memory (Mb): 	6082
Total memory (Mb): 	384
Used memory (Mb): 	269

[INFO] [2020-07-12 09:31:44,211 +0300[ - Initializing WhiteSource Client
[DEBUG] [2020-07-12 09:31:44,212 +0300[ - Setting project tags
[INFO] [2020-07-12 09:31:44,231 +0300[ - Service URL is https://app-eu.whitesourcesoftware.com/agent
[INFO] [2020-07-12 09:31:44,594 +0300[ - UpdateType set to OVERRIDE 
[INFO] [2020-07-12 09:31:44,595 +0300[ - Effective Usage Analysis version: 2020.4.2.797
[INFO] [2020-07-12 09:31:44,595 +0300[ - 
------------------------------------------------------------------------
-------------------- Start: Effective Usage Analysis -------------------
------------------------------------------------------------------------
[INFO] [2020-07-12 09:31:44,695 +0300[ - Starting analysis for: C:/Projects/KSA_Prioritize/ksa/ksa-dao-context/target/ksa-dao-context-3.9.0.jar
[INFO] [2020-07-12 09:31:44,698 +0300[ - --------------------Effective Usage Analysis----------------------

[INFO] [2020-07-12 09:32:12,472 +0300[ - Analysis finished (0:00:27)                                         

[INFO] [2020-07-12 09:32:12,472 +0300[ - SUMMARY
[INFO] [2020-07-12 09:32:12,473 +0300[ - ----------------------------------------

[INFO] [2020-07-12 09:32:12,475 +0300[ - Issues encountered during analysis:
[EUA280] 
[INFO] [2020-07-12 09:32:12,475 +0300[ - ------------------------------------------------------------------

[INFO] [2020-07-12 09:32:12,504 +0300[ - Got impact analysis result from server
[INFO] [2020-07-12 09:32:12,505 +0300[ - 
------------------------------------------------------------------------
-------------------- End: Effective Usage Analysis ---------------------
------------------------------------------------------------------------
[INFO] [2020-07-12 09:32:12,505 +0300[ - Sending Update
[INFO] [2020-07-12 09:32:12,507 +0300[ - 
------------------------------------------------------------------------
-------------------- Start: Update Inventory ---------------------------
------------------------------------------------------------------------
[INFO] [2020-07-12 09:32:13,464 +0300[ - 
------------------------------------------------------------------------
-------------------- End: Update Inventory -----------------------------
------------------------------------------------------------------------
[INFO] [2020-07-12 09:32:13,465 +0300[ - Inventory update results for Shai Demo
[INFO] [2020-07-12 09:32:13,465 +0300[ - No new projects found.
[INFO] [2020-07-12 09:32:13,465 +0300[ - Updated projects:
[INFO] [2020-07-12 09:32:13,465 +0300[ - # ksa-dao-context
[INFO] [2020-07-12 09:32:13,466 +0300[ - Project name: ksa-dao-context, URL: https://app-eu.whitesourcesoftware.com/Wss/WSS.html#!project;id=365596
[INFO] [2020-07-12 09:32:13,466 +0300[ - Support Token: 2334ef917682c454882565337827ee0501594535532645
[DEBUG] [2020-07-12 09:32:13,468 +0300[ - Process finished with exit code SUCCESS (Inventory update results for Shai Demo
No new projects found.
Updated projects:
ksa-dao-context

Project name: ksa-dao-context, project URL:https://app-eu.whitesourcesoftware.com/Wss/WSS.html#!project;id=365596
Support Token: 2334ef917682c454882565337827ee0501594535532645)
[INFO] [2020-07-12 09:32:13,469 +0300[ - Log files are found at: .\whitesource\Sun-Jul-12-2020-09.30.22
[DEBUG] [2020-07-12 09:32:13,472 +0300[ - Setting AnalysisFailures in SystemExit: [EUA280] 
[INFO] [2020-07-12 09:32:13,489 +0300[ - 
------------------------------------------------------------------------------------------------------------------------------------------------------
------------------------------------------------------------- WhiteSource Scan Summary: --------------------------------------------------------------
------------------------------------------------------------------------------------------------------------------------------------------------------
======================================================================================================================================================
Scan Origin: Local File System
======================================================================================================================================================
Step                                              Completion Status               Elapsed                  Comments
======================================================================================================================================================
Fetch Configuration                                  COMPLETED                  00:00:00.645               --------
Pre-Step And Resolve Dependencies                    COMPLETED                  00:01:13.925               24 total dependencies (24 unique)
   MAVEN                                             COMPLETED                  00:01:13.925               24 total dependencies (24 unique)
Scan Files Matching Includes Pattern                 COMPLETED                  00:00:02.070               1 source/binary files
   jar                                               COMPLETED                    --------                 1 source/binary files
Effective Usage Analysis                             COMPLETED                  00:00:27.909               --------
Update Inventory                                     COMPLETED                  00:00:00.957               1 updated projects

======================================================================================================================================================
Elapsed running time:                                                           00:01:45.506
======================================================================================================================================================
Process finished with exit code SUCCESS (0)

======================================================================================================================================================
All non [EUA000] return code:
======================================================================================================================================================
MODULE(1):  ksa-dao-context ,[EUA280] ; 

